<?xml version="1.0" encoding="UTF-8" ?>
<testsuite tests="1" failures="0" name="Hello.ComplexNumberInAlgebraicFormTest" time="0" errors="1" skipped="0">
  <properties>
[...]
</properties>
  <testcase classname="org.apache.maven.surefire.junit4.JUnit4Provider" name="Hello.ComplexNumberInAlgebraicFormTest" time="0">
    <error message="Could not initialize class org.junit.internal.runners.ErrorReportingRunner" type="java.lang.NoClassDefFoundError">java.lang.NoClassDefFoundError: Could not initialize class org.junit.internal.runners.ErrorReportingRunner
	at org.junit.runners.model.RunnerBuilder.safeRunnerForClass(RunnerBuilder.java:61)
	at org.junit.internal.requests.ClassRequest.getRunner(ClassRequest.java:33)
	at org.apache.maven.surefire.junit4.JUnit4Provider.execute(JUnit4Provider.java:250)
	at org.apache.maven.surefire.junit4.JUnit4Provider.executeTestSet(JUnit4Provider.java:141)
	at org.apache.maven.surefire.junit4.JUnit4Provider.invoke(JUnit4Provider.java:112)
	at java.base/jdk.internal.reflect.NativeMethodAccessorImpl.invoke0(Native Method)
	at java.base/jdk.internal.reflect.NativeMethodAccessorImpl.invoke(NativeMethodAccessorImpl.java:62)
	at java.base/jdk.internal.reflect.DelegatingMethodAccessorImpl.invoke(DelegatingMethodAccessorImpl.java:43)
	at java.base/java.lang.reflect.Method.invoke(Method.java:566)
	at org.apache.maven.surefire.util.ReflectionUtils.invokeMethodWithArray(ReflectionUtils.java:189)
	at org.apache.maven.surefire.booter.ProviderFactory$ProviderProxy.invoke(ProviderFactory.java:165)
	at org.apache.maven.surefire.booter.ProviderFactory.invokeProvider(ProviderFactory.java:85)
	at org.apache.maven.surefire.booter.ForkedBooter.runSuitesInProcess(ForkedBooter.java:115)
	at org.apache.maven.surefire.booter.ForkedBooter.main(ForkedBooter.java:75)
</error>
  </testcase>
</testsuite>